# JRE version: OpenJDK Runtime Environment Microsoft-8035246 (17.0.8+7) (build 17.0.8+7-LTS)
# Java VM: OpenJDK 64-Bit Server VM Microsoft-8035246 (17.0.8+7-LTS, mixed mode, sharing, tiered, compressed oops, compressed class ptrs, g1 gc, windows-amd64)
GC Precious Log:
 CPUs: 12 total, 12 available
 Memory: 6005M
 Large Page Support: Disabled
 NUMA Support: Disabled
 Compressed Oops: Enabled (32-bit)
 Heap Region Size: 1M
 Heap Min Capacity: 8M
 Heap Initial Capacity: 94M
 Heap Max Capacity: 2G
 Pre-touch: Disabled
 Parallel Workers: 10
 Concurrent Workers: 3
 Concurrent Refinement Workers: 10
 Periodic GC: Disabled
Heap:
 garbage-first heap   total 262144K, used 215651K [0x0000000080000000, 0x0000000100000000)
  region size 1024K, 30 young (30720K), 4 survivors (4096K)
 Metaspace       used 112514K, committed 113536K, reserved 557056K
  class space    used 15545K, committed 16064K, reserved 425984K
GC Heap History (20 events):
Event: 41.341 GC heap before
{Heap before GC invocations=61 (full 0):
 garbage-first heap   total 218112K, used 183236K [0x0000000080000000, 0x0000000100000000)
  region size 1024K, 37 young (37888K), 3 survivors (3072K)
 Metaspace       used 108834K, committed 109824K, reserved 557056K
  class space    used 15074K, committed 15552K, reserved 425984K
}
Event: 41.346 GC heap after
{Heap after GC invocations=62 (full 0):
 garbage-first heap   total 218112K, used 151597K [0x0000000080000000, 0x0000000100000000)
  region size 1024K, 5 young (5120K), 5 survivors (5120K)
 Metaspace       used 108834K, committed 109824K, reserved 557056K
  class space    used 15074K, committed 15552K, reserved 425984K
}
Event: 41.667 GC heap before
{Heap before GC invocations=62 (full 0):
 garbage-first heap   total 218112K, used 184365K [0x0000000080000000, 0x0000000100000000)
  region size 1024K, 37 young (37888K), 5 survivors (5120K)
 Metaspace       used 109924K, committed 110912K, reserved 557056K
  class space    used 15207K, committed 15680K, reserved 425984K
}
Event: 41.673 GC heap after
{Heap after GC invocations=63 (full 0):
 garbage-first heap   total 218112K, used 156183K [0x0000000080000000, 0x0000000100000000)
  region size 1024K, 5 young (5120K), 5 survivors (5120K)
 Metaspace       used 109924K, committed 110912K, reserved 557056K
  class space    used 15207K, committed 15680K, reserved 425984K
}
Event: 41.904 GC heap before
{Heap before GC invocations=63 (full 0):
 garbage-first heap   total 218112K, used 183831K [0x0000000080000000, 0x0000000100000000)
  region size 1024K, 32 young (32768K), 5 survivors (5120K)
 Metaspace       used 110106K, committed 111104K, reserved 557056K
  class space    used 15208K, committed 15680K, reserved 425984K
}
Event: 41.908 GC heap after
{Heap after GC invocations=64 (full 0):
 garbage-first heap   total 218112K, used 159095K [0x0000000080000000, 0x0000000100000000)
  region size 1024K, 3 young (3072K), 3 survivors (3072K)
 Metaspace       used 110106K, committed 111104K, reserved 557056K
  class space    used 15208K, committed 15680K, reserved 425984K
}
Event: 42.091 GC heap before
{Heap before GC invocations=64 (full 0):
 garbage-first heap   total 218112K, used 185719K [0x0000000080000000, 0x0000000100000000)
  region size 1024K, 29 young (29696K), 3 survivors (3072K)
 Metaspace       used 110452K, committed 111488K, reserved 557056K
  class space    used 15249K, committed 15744K, reserved 425984K
}
Event: 42.095 GC heap after
{Heap after GC invocations=65 (full 0):
 garbage-first heap   total 218112K, used 162110K [0x0000000080000000, 0x0000000100000000)
  region size 1024K, 3 young (3072K), 3 survivors (3072K)
 Metaspace       used 110452K, committed 111488K, reserved 557056K
  class space    used 15249K, committed 15744K, reserved 425984K
}
Event: 42.311 GC heap before
{Heap before GC invocations=65 (full 0):
 garbage-first heap   total 218112K, used 185662K [0x0000000080000000, 0x0000000100000000)
  region size 1024K, 27 young (27648K), 3 survivors (3072K)
 Metaspace       used 111384K, committed 112384K, reserved 557056K
  class space    used 15458K, committed 15936K, reserved 425984K
}
Event: 42.316 GC heap after
{Heap after GC invocations=66 (full 0):
 garbage-first heap   total 218112K, used 164278K [0x0000000080000000, 0x0000000100000000)
  region size 1024K, 3 young (3072K), 3 survivors (3072K)
 Metaspace       used 111384K, committed 112384K, reserved 557056K
  class space    used 15458K, committed 15936K, reserved 425984K
}
Event: 42.599 GC heap before
{Heap before GC invocations=66 (full 0):
 garbage-first heap   total 218112K, used 185782K [0x0000000080000000, 0x0000000100000000)
  region size 1024K, 25 young (25600K), 3 survivors (3072K)
 Metaspace       used 111581K, committed 112640K, reserved 557056K
  class space    used 15465K, committed 16000K, reserved 425984K
}
Event: 42.603 GC heap after
{Heap after GC invocations=67 (full 0):
 garbage-first heap   total 262144K, used 164997K [0x0000000080000000, 0x0000000100000000)
  region size 1024K, 3 young (3072K), 3 survivors (3072K)
 Metaspace       used 111581K, committed 112640K, reserved 557056K
  class space    used 15465K, committed 16000K, reserved 425984K
}
Event: 43.192 GC heap before
{Heap before GC invocations=67 (full 0):
 garbage-first heap   total 262144K, used 220293K [0x0000000080000000, 0x0000000100000000)
  region size 1024K, 58 young (59392K), 3 survivors (3072K)
 Metaspace       used 111993K, committed 113024K, reserved 557056K
  class space    used 15502K, committed 16000K, reserved 425984K
}
Event: 43.200 GC heap after
{Heap after GC invocations=68 (full 0):
 garbage-first heap   total 262144K, used 169998K [0x0000000080000000, 0x0000000100000000)
  region size 1024K, 8 young (8192K), 8 survivors (8192K)
 Metaspace       used 111993K, committed 113024K, reserved 557056K
  class space    used 15502K, committed 16000K, reserved 425984K
}
Event: 44.487 GC heap before
{Heap before GC invocations=68 (full 0):
 garbage-first heap   total 262144K, used 221198K [0x0000000080000000, 0x0000000100000000)
  region size 1024K, 58 young (59392K), 8 survivors (8192K)
 Metaspace       used 112009K, committed 113024K, reserved 557056K
  class space    used 15502K, committed 16000K, reserved 425984K
}
Event: 44.494 GC heap after
{Heap after GC invocations=69 (full 0):
 garbage-first heap   total 262144K, used 173169K [0x0000000080000000, 0x0000000100000000)
  region size 1024K, 4 young (4096K), 4 survivors (4096K)
 Metaspace       used 112009K, committed 113024K, reserved 557056K
  class space    used 15502K, committed 16000K, reserved 425984K
}
Event: 44.929 GC heap before
{Heap before GC invocations=69 (full 0):
 garbage-first heap   total 262144K, used 233585K [0x0000000080000000, 0x0000000100000000)
  region size 1024K, 52 young (53248K), 4 survivors (4096K)
 Metaspace       used 112173K, committed 113152K, reserved 557056K
  class space    used 15516K, committed 16000K, reserved 425984K
}
Event: 44.935 GC heap after
{Heap after GC invocations=70 (full 0):
 garbage-first heap   total 262144K, used 177420K [0x0000000080000000, 0x0000000100000000)
  region size 1024K, 7 young (7168K), 7 survivors (7168K)
 Metaspace       used 112173K, committed 113152K, reserved 557056K
  class space    used 15516K, committed 16000K, reserved 425984K
}
Event: 45.197 GC heap before
{Heap before GC invocations=70 (full 0):
 garbage-first heap   total 262144K, used 234764K [0x0000000080000000, 0x0000000100000000)
  region size 1024K, 52 young (53248K), 7 survivors (7168K)
 Metaspace       used 112312K, committed 113280K, reserved 557056K
  class space    used 15528K, committed 16000K, reserved 425984K
}
Event: 45.204 GC heap after
{Heap after GC invocations=71 (full 0):
 garbage-first heap   total 262144K, used 181863K [0x0000000080000000, 0x0000000100000000)
  region size 1024K, 5 young (5120K), 5 survivors (5120K)
 Metaspace       used 112312K, committed 113280K, reserved 557056K
  class space    used 15528K, committed 16000K, reserved 425984K
}

